15:12:16 **** Incremental Build of configuration Debug for project Bluetooth_Device_Test ****
make -j8 all 
arm-none-eabi-gcc "../Core/Src/main.c" -mcpu=cortex-m4 -std=gnu11 -g3 -DDEBUG -DUSE_HAL_DRIVER -DSTM32F407xx -c -I../USB_HOST/App -I../USB_HOST/Target -I../Core/Inc -I../Drivers/STM32F4xx_HAL_Driver/Inc -I../Drivers/STM32F4xx_HAL_Driver/Inc/Legacy -I../Middlewares/ST/STM32_USB_Host_Library/Core/Inc -I../Middlewares/ST/STM32_USB_Host_Library/Class/CDC/Inc -I../Drivers/CMSIS/Device/ST/STM32F4xx/Include -I../Drivers/CMSIS/Include -O0 -ffunction-sections -fdata-sections -Wall -fstack-usage -fcyclomatic-complexity -MMD -MP -MF"Core/Src/main.d" -MT"Core/Src/main.o" --specs=nano.specs -mfpu=fpv4-sp-d16 -mfloat-abi=hard -mthumb -o "Core/Src/main.o"
../Core/Src/main.c: In function 'HAL_UART_RxCpltCallback':
../Core/Src/main.c:412:9: warning: implicit declaration of function 'CDC_Transmit_FS' [-Wimplicit-function-declaration]
  412 |         CDC_Transmit_FS(p, 5);
      |         ^~~~~~~~~~~~~~~
arm-none-eabi-gcc -o "Bluetooth_Device_Test.elf" @"objects.list"   -mcpu=cortex-m4 -T"C:\Users\Christian\STM32CubeIDE\workspace_1.18.0\Bluetooth_Device_Test\STM32F407VGTX_FLASH.ld" --specs=nosys.specs -Wl,-Map="Bluetooth_Device_Test.map" -Wl,--gc-sections -static --specs=nano.specs -mfpu=fpv4-sp-d16 -mfloat-abi=hard -mthumb -Wl,--start-group -lc -lm -Wl,--end-group
C:/WORK/ST/STM32CubeIDE_1.18.0/STM32CubeIDE/plugins/com.st.stm32cube.ide.mcu.externaltools.gnu-tools-for-stm32.13.3.rel1.win32_1.0.0.202411081344/tools/bin/../lib/gcc/arm-none-eabi/13.3.1/../../../../arm-none-eabi/bin/ld.exe: ./Core/Src/main.o: in function `HAL_UART_RxCpltCallback':
C:/Users/Christian/STM32CubeIDE/workspace_1.18.0/Bluetooth_Device_Test/Debug/../Core/Src/main.c:412:(.text.HAL_UART_RxCpltCallback+0x2a): undefined reference to `CDC_Transmit_FS'
collect2.exe: error: ld returned 1 exit status
make: *** [makefile:68: Bluetooth_Device_Test.elf] Error 1
"make -j8 all" terminated with exit code 2. Build might be incomplete.

15:12:17 Build Failed. 2 errors, 1 warnings. (took 1s.476ms)

